mode: set
github.com/qqiao/yordle/yordle.go:52.56,55.12 2 0
github.com/qqiao/yordle/yordle.go:55.12,62.17 3 0
github.com/qqiao/yordle/yordle.go:62.17,65.4 1 0
github.com/qqiao/yordle/yordle.go:66.3,66.24 1 0
github.com/qqiao/yordle/yordle.go:69.2,69.15 1 0
github.com/qqiao/yordle/yordle.go:72.58,82.42 5 0
github.com/qqiao/yordle/yordle.go:82.42,88.20 4 0
github.com/qqiao/yordle/yordle.go:88.20,90.4 1 0
github.com/qqiao/yordle/yordle.go:92.3,100.9 4 0
github.com/qqiao/yordle/yordle.go:103.2,108.38 4 0
github.com/qqiao/yordle/yordle.go:108.38,114.3 3 0
github.com/qqiao/yordle/yordle.go:114.8,114.23 1 0
github.com/qqiao/yordle/yordle.go:114.23,120.3 3 0
github.com/qqiao/yordle/yordle.go:122.2,122.72 1 0
github.com/qqiao/yordle/yordle.go:125.54,127.69 2 0
github.com/qqiao/yordle/yordle.go:127.69,130.3 2 0
github.com/qqiao/yordle/yordle.go:133.13,135.16 2 0
github.com/qqiao/yordle/yordle.go:135.16,138.3 2 0
github.com/qqiao/yordle/yordle.go:140.2,141.63 2 0
github.com/qqiao/yordle/yordle_prod.go:29.13,32.2 2 0
github.com/qqiao/yordle/api/api.go:47.13,49.2 1 0
github.com/qqiao/yordle/api/api.go:51.55,52.19 1 0
github.com/qqiao/yordle/api/api.go:52.19,54.3 1 0
github.com/qqiao/yordle/api/api.go:56.2,56.30 1 0
github.com/qqiao/yordle/api/api.go:60.55,63.24 1 0
github.com/qqiao/yordle/api/api.go:63.24,66.3 2 0
github.com/qqiao/yordle/api/api.go:68.2,73.20 4 0
github.com/qqiao/yordle/api/api.go:73.20,75.3 1 0
github.com/qqiao/yordle/api/api.go:75.8,77.3 1 0
github.com/qqiao/yordle/api/api.go:81.2,81.29 1 0
github.com/qqiao/yordle/api/api.go:81.29,84.3 2 0
github.com/qqiao/yordle/api/api.go:87.2,88.16 2 0
github.com/qqiao/yordle/api/api.go:88.16,91.3 2 0
github.com/qqiao/yordle/api/api.go:94.2,94.26 1 0
github.com/qqiao/yordle/api/api.go:94.26,97.3 2 0
github.com/qqiao/yordle/api/api.go:101.2,101.32 1 0
github.com/qqiao/yordle/api/api.go:101.32,104.3 2 0
github.com/qqiao/yordle/api/api.go:107.2,114.16 6 0
github.com/qqiao/yordle/api/api.go:114.16,119.3 3 0
github.com/qqiao/yordle/api/api.go:121.2,124.50 2 0
github.com/qqiao/yordle/api/api.go:131.35,136.16 2 0
github.com/qqiao/yordle/api/api.go:136.16,140.3 2 0
github.com/qqiao/yordle/api/api.go:142.2,142.20 1 0
github.com/qqiao/yordle/api/api.go:142.20,144.3 1 0
github.com/qqiao/yordle/api/api.go:145.2,145.8 1 0
github.com/qqiao/yordle/admin/admin.go:30.13,32.2 1 0
github.com/qqiao/yordle/admin/admin.go:35.52,39.2 2 0
github.com/qqiao/yordle/runtime/runtime.go:28.13,31.9 2 0
github.com/qqiao/yordle/runtime/runtime.go:32.22,33.57 1 0
github.com/qqiao/yordle/runtime/runtime.go:35.20,36.17 1 0
github.com/qqiao/yordle/config/config.go:40.13,45.2 3 0
github.com/qqiao/yordle/config/config.go:47.36,51.16 3 0
github.com/qqiao/yordle/config/config.go:51.16,53.3 1 0
github.com/qqiao/yordle/config/config.go:55.2,55.65 1 0
github.com/qqiao/yordle/config/config.go:55.65,57.3 1 0
github.com/qqiao/yordle/config/config.go:59.2,59.87 1 0
github.com/qqiao/yordle/config/dynamicconfig.go:55.55,59.16 3 0
github.com/qqiao/yordle/config/dynamicconfig.go:59.16,62.3 2 0
github.com/qqiao/yordle/config/dynamicconfig.go:63.2,67.51 3 0
github.com/qqiao/yordle/config/dynamicconfig.go:67.51,68.39 1 0
github.com/qqiao/yordle/config/dynamicconfig.go:68.39,70.4 1 0
github.com/qqiao/yordle/config/dynamicconfig.go:72.3,74.54 2 0
github.com/qqiao/yordle/config/dynamicconfig.go:74.54,76.4 1 0
github.com/qqiao/yordle/config/dynamicconfig.go:79.2,79.18 1 0
github.com/qqiao/yordle/config/dynamicconfig.go:85.50,87.16 2 0
github.com/qqiao/yordle/config/dynamicconfig.go:87.16,92.3 2 0
github.com/qqiao/yordle/config/dynamicconfig.go:93.2,93.12 1 0
github.com/qqiao/yordle/config/dynamicconfig.go:98.62,101.12 2 0
github.com/qqiao/yordle/config/dynamicconfig.go:101.12,105.3 2 0
github.com/qqiao/yordle/config/dynamicconfig.go:106.2,106.11 1 0
github.com/qqiao/yordle/config/dynamicconfig.go:110.58,114.16 3 0
github.com/qqiao/yordle/config/dynamicconfig.go:114.16,117.3 2 0
github.com/qqiao/yordle/config/dynamicconfig.go:118.2,122.54 2 0
github.com/qqiao/yordle/config/dynamicconfig.go:122.54,124.3 1 0
github.com/qqiao/yordle/config/dynamicconfig.go:126.2,126.12 1 0
